# JRE version: Java(TM) SE Runtime Environment (8.0_111-b14) (build 1.8.0_111-b14)
# Java VM: Java HotSpot(TM) Client VM (25.111-b14 mixed mode windows-x86 )
Heap:
 def new generation   total 39424K, used 10414K [0x05600000, 0x080c0000, 0x100a0000)
  eden space 35072K,  26% used [0x05600000, 0x05f17490, 0x07840000)
  from space 4352K,  25% used [0x07840000, 0x07954518, 0x07c80000)
  to   space 4352K,   0% used [0x07c80000, 0x07c80000, 0x080c0000)
 tenured generation   total 87424K, used 40489K [0x100a0000, 0x15600000, 0x25600000)
   the space 87424K,  46% used [0x100a0000, 0x1282a478, 0x1282a600, 0x15600000)
 Metaspace       used 19288K, capacity 19765K, committed 19840K, reserved 19840K
GC Heap History (10 events):
Event: 2122.659 GC heap before
{Heap before GC invocations=8 (full 1):
 def new generation   total 39424K, used 37142K [0x05600000, 0x080c0000, 0x100a0000)
  eden space 35072K, 100% used [0x05600000, 0x07840000, 0x07840000)
  from space 4352K,  47% used [0x07c80000, 0x07e85a10, 0x080c0000)
  to   space 4352K,   0% used [0x07840000, 0x07840000, 0x07c80000)
 tenured generation   total 87424K, used 31417K [0x100a0000, 0x15600000, 0x25600000)
   the space 87424K,  35% used [0x100a0000, 0x11f4e510, 0x11f4e600, 0x15600000)
 Metaspace       used 19262K, capacity 19762K, committed 19840K, reserved 19840K
Event: 2122.666 GC heap after
Heap after GC invocations=9 (full 1):
 def new generation   total 39424K, used 4352K [0x05600000, 0x080c0000, 0x100a0000)
  eden space 35072K,   0% used [0x05600000, 0x05600000, 0x07840000)
  from space 4352K, 100% used [0x07840000, 0x07c80000, 0x07c80000)
  to   space 4352K,   0% used [0x07c80000, 0x07c80000, 0x080c0000)
 tenured generation   total 87424K, used 32388K [0x100a0000, 0x15600000, 0x25600000)
   the space 87424K,  37% used [0x100a0000, 0x120412f0, 0x12041400, 0x15600000)
 Metaspace       used 19262K, capacity 19762K, committed 19840K, reserved 19840K
}
Event: 5475.216 GC heap before
{Heap before GC invocations=9 (full 1):
 def new generation   total 39424K, used 37635K [0x05600000, 0x080c0000, 0x100a0000)
  eden space 35072K,  94% used [0x05600000, 0x07680c80, 0x07840000)
  from space 4352K, 100% used [0x07840000, 0x07c80000, 0x07c80000)
  to   space 4352K,   0% used [0x07c80000, 0x07c80000, 0x080c0000)
 tenured generation   total 87424K, used 32388K [0x100a0000, 0x15600000, 0x25600000)
   the space 87424K,  37% used [0x100a0000, 0x120412f0, 0x12041400, 0x15600000)
 Metaspace       used 19287K, capacity 19762K, committed 19840K, reserved 19840K
Event: 5475.268 GC heap after
Heap after GC invocations=10 (full 1):
 def new generation   total 39424K, used 78K [0x05600000, 0x080c0000, 0x100a0000)
  eden space 35072K,   0% used [0x05600000, 0x05600000, 0x07840000)
  from space 4352K,   1% used [0x07c80000, 0x07c93a10, 0x080c0000)
  to   space 4352K,   0% used [0x07840000, 0x07840000, 0x07c80000)
 tenured generation   total 87424K, used 36727K [0x100a0000, 0x15600000, 0x25600000)
   the space 87424K,  42% used [0x100a0000, 0x1247dd10, 0x1247de00, 0x15600000)
 Metaspace       used 19287K, capacity 19762K, committed 19840K, reserved 19840K
}
Event: 24422.027 GC heap before
{Heap before GC invocations=10 (full 1):
 def new generation   total 39424K, used 31123K [0x05600000, 0x080c0000, 0x100a0000)
  eden space 35072K,  88% used [0x05600000, 0x074512e8, 0x07840000)
  from space 4352K,   1% used [0x07c80000, 0x07c93a10, 0x080c0000)
  to   space 4352K,   0% used [0x07840000, 0x07840000, 0x07c80000)
 tenured generation   total 87424K, used 36727K [0x100a0000, 0x15600000, 0x25600000)
   the space 87424K,  42% used [0x100a0000, 0x1247dd10, 0x1247de00, 0x15600000)
 Metaspace       used 19288K, capacity 19765K, committed 19840K, reserved 19840K
Event: 24426.519 GC heap after
Heap after GC invocations=11 (full 1):
 def new generation   total 39424K, used 1044K [0x05600000, 0x080c0000, 0x100a0000)
  eden space 35072K,   0% used [0x05600000, 0x05600000, 0x07840000)
  from space 4352K,  23% used [0x07840000, 0x079450a8, 0x07c80000)
  to   space 4352K,   0% used [0x07c80000, 0x07c80000, 0x080c0000)
 tenured generation   total 87424K, used 40489K [0x100a0000, 0x15600000, 0x25600000)
   the space 87424K,  46% used [0x100a0000, 0x1282a478, 0x1282a600, 0x15600000)
 Metaspace       used 19288K, capacity 19765K, committed 19840K, reserved 19840K
}
Event: 24607.035 GC heap before
{Heap before GC invocations=11 (full 1):
 def new generation   total 39424K, used 35087K [0x05600000, 0x080c0000, 0x100a0000)
  eden space 35072K,  97% used [0x05600000, 0x0773ed50, 0x07840000)
  from space 4352K,  23% used [0x07840000, 0x079450a8, 0x07c80000)
  to   space 4352K,   0% used [0x07c80000, 0x07c80000, 0x080c0000)
 tenured generation   total 87424K, used 40489K [0x100a0000, 0x15600000, 0x25600000)
   the space 87424K,  46% used [0x100a0000, 0x1282a478, 0x1282a600, 0x15600000)
 Metaspace       used 19288K, capacity 19765K, committed 19840K, reserved 19840K
Event: 24607.056 GC heap after
Heap after GC invocations=12 (full 1):
 def new generation   total 39424K, used 1035K [0x05600000, 0x080c0000, 0x100a0000)
  eden space 35072K,   0% used [0x05600000, 0x05600000, 0x07840000)
  from space 4352K,  23% used [0x07c80000, 0x07d82e38, 0x080c0000)
  to   space 4352K,   0% used [0x07840000, 0x07840000, 0x07c80000)
 tenured generation   total 87424K, used 40489K [0x100a0000, 0x15600000, 0x25600000)
   the space 87424K,  46% used [0x100a0000, 0x1282a478, 0x1282a600, 0x15600000)
 Metaspace       used 19288K, capacity 19765K, committed 19840K, reserved 19840K
}
Event: 24695.732 GC heap before
{Heap before GC invocations=12 (full 1):
 def new generation   total 39424K, used 33546K [0x05600000, 0x080c0000, 0x100a0000)
  eden space 35072K,  92% used [0x05600000, 0x075bfbc0, 0x07840000)
  from space 4352K,  23% used [0x07c80000, 0x07d82e38, 0x080c0000)
  to   space 4352K,   0% used [0x07840000, 0x07840000, 0x07c80000)
 tenured generation   total 87424K, used 40489K [0x100a0000, 0x15600000, 0x25600000)
   the space 87424K,  46% used [0x100a0000, 0x1282a478, 0x1282a600, 0x15600000)
 Metaspace       used 19288K, capacity 19765K, committed 19840K, reserved 19840K
Event: 24695.762 GC heap after
Heap after GC invocations=13 (full 1):
 def new generation   total 39424K, used 1105K [0x05600000, 0x080c0000, 0x100a0000)
  eden space 35072K,   0% used [0x05600000, 0x05600000, 0x07840000)
  from space 4352K,  25% used [0x07840000, 0x07954518, 0x07c80000)
  to   space 4352K,   0% used [0x07c80000, 0x07c80000, 0x080c0000)
 tenured generation   total 87424K, used 40489K [0x100a0000, 0x15600000, 0x25600000)
   the space 87424K,  46% used [0x100a0000, 0x1282a478, 0x1282a600, 0x15600000)
 Metaspace       used 19288K, capacity 19765K, committed 19840K, reserved 19840K
}

