# JRE version: Java(TM) SE Runtime Environment (8.0_111-b14) (build 1.8.0_111-b14)
# Java VM: Java HotSpot(TM) Client VM (25.111-b14 mixed mode windows-x86 )
Heap:
 def new generation   total 39424K, used 32453K [0x04800000, 0x072c0000, 0x0f2a0000)
  eden space 35072K,  89% used [0x04800000, 0x06681eb0, 0x06a40000)
  from space 4352K,  27% used [0x06e80000, 0x06faf938, 0x072c0000)
  to   space 4352K,   0% used [0x06a40000, 0x06a40000, 0x06e80000)
 tenured generation   total 87424K, used 33050K [0x0f2a0000, 0x14800000, 0x24800000)
   the space 87424K,  37% used [0x0f2a0000, 0x112e6928, 0x112e6a00, 0x14800000)
 Metaspace       used 18851K, capacity 19339K, committed 19456K, reserved 19840K
GC Heap History (10 events):
Event: 77.386 GC heap before
{Heap before GC invocations=5 (full 1):
 def new generation   total 39424K, used 39424K [0x04800000, 0x072c0000, 0x0f2a0000)
  eden space 35072K, 100% used [0x04800000, 0x06a40000, 0x06a40000)
  from space 4352K, 100% used [0x06a40000, 0x06e80000, 0x06e80000)
  to   space 4352K,   0% used [0x06e80000, 0x06e80000, 0x072c0000)
 tenured generation   total 87424K, used 18897K [0x0f2a0000, 0x14800000, 0x24800000)
   the space 87424K,  21% used [0x0f2a0000, 0x10514590, 0x10514600, 0x14800000)
 Metaspace       used 18601K, capacity 19061K, committed 19072K, reserved 19840K
Event: 77.402 GC heap after
Heap after GC invocations=6 (full 1):
 def new generation   total 39424K, used 3671K [0x04800000, 0x072c0000, 0x0f2a0000)
  eden space 35072K,   0% used [0x04800000, 0x04800000, 0x06a40000)
  from space 4352K,  84% used [0x06e80000, 0x07215d78, 0x072c0000)
  to   space 4352K,   0% used [0x06a40000, 0x06a40000, 0x06e80000)
 tenured generation   total 87424K, used 26151K [0x0f2a0000, 0x14800000, 0x24800000)
   the space 87424K,  29% used [0x0f2a0000, 0x10c29e58, 0x10c2a000, 0x14800000)
 Metaspace       used 18601K, capacity 19061K, committed 19072K, reserved 19840K
}
Event: 3727.147 GC heap before
{Heap before GC invocations=6 (full 1):
 def new generation   total 39424K, used 38743K [0x04800000, 0x072c0000, 0x0f2a0000)
  eden space 35072K, 100% used [0x04800000, 0x06a40000, 0x06a40000)
  from space 4352K,  84% used [0x06e80000, 0x07215d78, 0x072c0000)
  to   space 4352K,   0% used [0x06a40000, 0x06a40000, 0x06e80000)
 tenured generation   total 87424K, used 26151K [0x0f2a0000, 0x14800000, 0x24800000)
   the space 87424K,  29% used [0x0f2a0000, 0x10c29e58, 0x10c2a000, 0x14800000)
 Metaspace       used 18737K, capacity 19223K, committed 19328K, reserved 19840K
Event: 3727.180 GC heap after
Heap after GC invocations=7 (full 1):
 def new generation   total 39424K, used 1525K [0x04800000, 0x072c0000, 0x0f2a0000)
  eden space 35072K,   0% used [0x04800000, 0x04800000, 0x06a40000)
  from space 4352K,  35% used [0x06a40000, 0x06bbd758, 0x06e80000)
  to   space 4352K,   0% used [0x06e80000, 0x06e80000, 0x072c0000)
 tenured generation   total 87424K, used 32056K [0x0f2a0000, 0x14800000, 0x24800000)
   the space 87424K,  36% used [0x0f2a0000, 0x111ee118, 0x111ee200, 0x14800000)
 Metaspace       used 18737K, capacity 19223K, committed 19328K, reserved 19840K
}
Event: 4137.623 GC heap before
{Heap before GC invocations=7 (full 1):
 def new generation   total 39424K, used 36597K [0x04800000, 0x072c0000, 0x0f2a0000)
  eden space 35072K, 100% used [0x04800000, 0x06a40000, 0x06a40000)
  from space 4352K,  35% used [0x06a40000, 0x06bbd758, 0x06e80000)
  to   space 4352K,   0% used [0x06e80000, 0x06e80000, 0x072c0000)
 tenured generation   total 87424K, used 32056K [0x0f2a0000, 0x14800000, 0x24800000)
   the space 87424K,  36% used [0x0f2a0000, 0x111ee118, 0x111ee200, 0x14800000)
 Metaspace       used 18851K, capacity 19339K, committed 19456K, reserved 19840K
Event: 4137.646 GC heap after
Heap after GC invocations=8 (full 1):
 def new generation   total 39424K, used 2457K [0x04800000, 0x072c0000, 0x0f2a0000)
  eden space 35072K,   0% used [0x04800000, 0x04800000, 0x06a40000)
  from space 4352K,  56% used [0x06e80000, 0x070e66a0, 0x072c0000)
  to   space 4352K,   0% used [0x06a40000, 0x06a40000, 0x06e80000)
 tenured generation   total 87424K, used 32056K [0x0f2a0000, 0x14800000, 0x24800000)
   the space 87424K,  36% used [0x0f2a0000, 0x111ee118, 0x111ee200, 0x14800000)
 Metaspace       used 18851K, capacity 19339K, committed 19456K, reserved 19840K
}
Event: 22413.053 GC heap before
{Heap before GC invocations=8 (full 1):
 def new generation   total 39424K, used 34725K [0x04800000, 0x072c0000, 0x0f2a0000)
  eden space 35072K,  92% used [0x04800000, 0x06782da8, 0x06a40000)
  from space 4352K,  56% used [0x06e80000, 0x070e66a0, 0x072c0000)
  to   space 4352K,   0% used [0x06a40000, 0x06a40000, 0x06e80000)
 tenured generation   total 87424K, used 32056K [0x0f2a0000, 0x14800000, 0x24800000)
   the space 87424K,  36% used [0x0f2a0000, 0x111ee118, 0x111ee200, 0x14800000)
 Metaspace       used 18851K, capacity 19339K, committed 19456K, reserved 19840K
Event: 22413.844 GC heap after
Heap after GC invocations=9 (full 1):
 def new generation   total 39424K, used 1600K [0x04800000, 0x072c0000, 0x0f2a0000)
  eden space 35072K,   0% used [0x04800000, 0x04800000, 0x06a40000)
  from space 4352K,  36% used [0x06a40000, 0x06bd0120, 0x06e80000)
  to   space 4352K,   0% used [0x06e80000, 0x06e80000, 0x072c0000)
 tenured generation   total 87424K, used 33050K [0x0f2a0000, 0x14800000, 0x24800000)
   the space 87424K,  37% used [0x0f2a0000, 0x112e6928, 0x112e6a00, 0x14800000)
 Metaspace       used 18851K, capacity 19339K, committed 19456K, reserved 19840K
}
Event: 22610.526 GC heap before
{Heap before GC invocations=9 (full 1):
 def new generation   total 39424K, used 32876K [0x04800000, 0x072c0000, 0x0f2a0000)
  eden space 35072K,  89% used [0x04800000, 0x0668b250, 0x06a40000)
  from space 4352K,  36% used [0x06a40000, 0x06bd0120, 0x06e80000)
  to   space 4352K,   0% used [0x06e80000, 0x06e80000, 0x072c0000)
 tenured generation   total 87424K, used 33050K [0x0f2a0000, 0x14800000, 0x24800000)
   the space 87424K,  37% used [0x0f2a0000, 0x112e6928, 0x112e6a00, 0x14800000)
 Metaspace       used 18851K, capacity 19339K, committed 19456K, reserved 19840K
Event: 22610.533 GC heap after
Heap after GC invocations=10 (full 1):
 def new generation   total 39424K, used 1214K [0x04800000, 0x072c0000, 0x0f2a0000)
  eden space 35072K,   0% used [0x04800000, 0x04800000, 0x06a40000)
  from space 4352K,  27% used [0x06e80000, 0x06faf938, 0x072c0000)
  to   space 4352K,   0% used [0x06a40000, 0x06a40000, 0x06e80000)
 tenured generation   total 87424K, used 33050K [0x0f2a0000, 0x14800000, 0x24800000)
   the space 87424K,  37% used [0x0f2a0000, 0x112e6928, 0x112e6a00, 0x14800000)
 Metaspace       used 18851K, capacity 19339K, committed 19456K, reserved 19840K
}

