# JRE version: Java(TM) SE Runtime Environment (8.0_111-b14) (build 1.8.0_111-b14)
# Java VM: Java HotSpot(TM) Client VM (25.111-b14 mixed mode windows-x86 )
Heap:
 def new generation   total 39424K, used 32227K [0x04800000, 0x072c0000, 0x0f2a0000)
  eden space 35072K,  88% used [0x04800000, 0x06663f88, 0x06a40000)
  from space 4352K,  25% used [0x06a40000, 0x06b54da0, 0x06e80000)
  to   space 4352K,   0% used [0x06e80000, 0x06e80000, 0x072c0000)
 tenured generation   total 87424K, used 28334K [0x0f2a0000, 0x14800000, 0x24800000)
   the space 87424K,  32% used [0x0f2a0000, 0x10e4bb20, 0x10e4bc00, 0x14800000)
 Metaspace       used 18729K, capacity 19191K, committed 19200K, reserved 19840K
GC Heap History (10 events):
Event: 5.398 GC heap before
{Heap before GC invocations=4 (full 1):
 def new generation   total 39424K, used 35693K [0x04800000, 0x072c0000, 0x0f2a0000)
  eden space 35072K, 100% used [0x04800000, 0x06a40000, 0x06a40000)
  from space 4352K,  14% used [0x06e80000, 0x06f1b690, 0x072c0000)
  to   space 4352K,   0% used [0x06a40000, 0x06a40000, 0x06e80000)
 tenured generation   total 87424K, used 15975K [0x0f2a0000, 0x14800000, 0x24800000)
   the space 87424K,  18% used [0x0f2a0000, 0x10239fe8, 0x1023a000, 0x14800000)
 Metaspace       used 13782K, capacity 14222K, committed 14336K, reserved 14720K
Event: 5.411 GC heap after
Heap after GC invocations=5 (full 1):
 def new generation   total 39424K, used 3088K [0x04800000, 0x072c0000, 0x0f2a0000)
  eden space 35072K,   0% used [0x04800000, 0x04800000, 0x06a40000)
  from space 4352K,  70% used [0x06a40000, 0x06d44390, 0x06e80000)
  to   space 4352K,   0% used [0x06e80000, 0x06e80000, 0x072c0000)
 tenured generation   total 87424K, used 15975K [0x0f2a0000, 0x14800000, 0x24800000)
   the space 87424K,  18% used [0x0f2a0000, 0x10239fe8, 0x1023a000, 0x14800000)
 Metaspace       used 13782K, capacity 14222K, committed 14336K, reserved 14720K
}
Event: 69.179 GC heap before
{Heap before GC invocations=5 (full 1):
 def new generation   total 39424K, used 38160K [0x04800000, 0x072c0000, 0x0f2a0000)
  eden space 35072K, 100% used [0x04800000, 0x06a40000, 0x06a40000)
  from space 4352K,  70% used [0x06a40000, 0x06d44390, 0x06e80000)
  to   space 4352K,   0% used [0x06e80000, 0x06e80000, 0x072c0000)
 tenured generation   total 87424K, used 15975K [0x0f2a0000, 0x14800000, 0x24800000)
   the space 87424K,  18% used [0x0f2a0000, 0x10239fe8, 0x1023a000, 0x14800000)
 Metaspace       used 17973K, capacity 18430K, committed 18560K, reserved 18816K
Event: 69.243 GC heap after
Heap after GC invocations=6 (full 1):
 def new generation   total 39424K, used 4352K [0x04800000, 0x072c0000, 0x0f2a0000)
  eden space 35072K,   0% used [0x04800000, 0x04800000, 0x06a40000)
  from space 4352K, 100% used [0x06e80000, 0x072c0000, 0x072c0000)
  to   space 4352K,   0% used [0x06a40000, 0x06a40000, 0x06e80000)
 tenured generation   total 87424K, used 23834K [0x0f2a0000, 0x14800000, 0x24800000)
   the space 87424K,  27% used [0x0f2a0000, 0x109e6b98, 0x109e6c00, 0x14800000)
 Metaspace       used 17973K, capacity 18430K, committed 18560K, reserved 18816K
}
Event: 2961.185 GC heap before
{Heap before GC invocations=6 (full 1):
 def new generation   total 39424K, used 36889K [0x04800000, 0x072c0000, 0x0f2a0000)
  eden space 35072K,  92% used [0x04800000, 0x067c6660, 0x06a40000)
  from space 4352K, 100% used [0x06e80000, 0x072c0000, 0x072c0000)
  to   space 4352K,   0% used [0x06a40000, 0x06a40000, 0x06e80000)
 tenured generation   total 87424K, used 23834K [0x0f2a0000, 0x14800000, 0x24800000)
   the space 87424K,  27% used [0x0f2a0000, 0x109e6b98, 0x109e6c00, 0x14800000)
 Metaspace       used 18527K, capacity 18994K, committed 19072K, reserved 19840K
Event: 2961.287 GC heap after
Heap after GC invocations=7 (full 1):
 def new generation   total 39424K, used 1830K [0x04800000, 0x072c0000, 0x0f2a0000)
  eden space 35072K,   0% used [0x04800000, 0x04800000, 0x06a40000)
  from space 4352K,  42% used [0x06a40000, 0x06c09bb0, 0x06e80000)
  to   space 4352K,   0% used [0x06e80000, 0x06e80000, 0x072c0000)
 tenured generation   total 87424K, used 26836K [0x0f2a0000, 0x14800000, 0x24800000)
   the space 87424K,  30% used [0x0f2a0000, 0x10cd5218, 0x10cd5400, 0x14800000)
 Metaspace       used 18527K, capacity 18994K, committed 19072K, reserved 19840K
}
Event: 21918.337 GC heap before
{Heap before GC invocations=7 (full 1):
 def new generation   total 39424K, used 33424K [0x04800000, 0x072c0000, 0x0f2a0000)
  eden space 35072K,  90% used [0x04800000, 0x066da618, 0x06a40000)
  from space 4352K,  42% used [0x06a40000, 0x06c09bb0, 0x06e80000)
  to   space 4352K,   0% used [0x06e80000, 0x06e80000, 0x072c0000)
 tenured generation   total 87424K, used 26836K [0x0f2a0000, 0x14800000, 0x24800000)
   the space 87424K,  30% used [0x0f2a0000, 0x10cd5218, 0x10cd5400, 0x14800000)
 Metaspace       used 18729K, capacity 19191K, committed 19200K, reserved 19840K
Event: 21918.367 GC heap after
Heap after GC invocations=8 (full 1):
 def new generation   total 39424K, used 2782K [0x04800000, 0x072c0000, 0x0f2a0000)
  eden space 35072K,   0% used [0x04800000, 0x04800000, 0x06a40000)
  from space 4352K,  63% used [0x06e80000, 0x071378e8, 0x072c0000)
  to   space 4352K,   0% used [0x06a40000, 0x06a40000, 0x06e80000)
 tenured generation   total 87424K, used 26836K [0x0f2a0000, 0x14800000, 0x24800000)
   the space 87424K,  30% used [0x0f2a0000, 0x10cd5218, 0x10cd5400, 0x14800000)
 Metaspace       used 18729K, capacity 19191K, committed 19200K, reserved 19840K
}
Event: 22115.506 GC heap before
{Heap before GC invocations=8 (full 1):
 def new generation   total 39424K, used 34212K [0x04800000, 0x072c0000, 0x0f2a0000)
  eden space 35072K,  89% used [0x04800000, 0x066b1950, 0x06a40000)
  from space 4352K,  63% used [0x06e80000, 0x071378e8, 0x072c0000)
  to   space 4352K,   0% used [0x06a40000, 0x06a40000, 0x06e80000)
 tenured generation   total 87424K, used 26836K [0x0f2a0000, 0x14800000, 0x24800000)
   the space 87424K,  30% used [0x0f2a0000, 0x10cd5218, 0x10cd5400, 0x14800000)
 Metaspace       used 18729K, capacity 19191K, committed 19200K, reserved 19840K
Event: 22115.516 GC heap after
Heap after GC invocations=9 (full 1):
 def new generation   total 39424K, used 1107K [0x04800000, 0x072c0000, 0x0f2a0000)
  eden space 35072K,   0% used [0x04800000, 0x04800000, 0x06a40000)
  from space 4352K,  25% used [0x06a40000, 0x06b54da0, 0x06e80000)
  to   space 4352K,   0% used [0x06e80000, 0x06e80000, 0x072c0000)
 tenured generation   total 87424K, used 28334K [0x0f2a0000, 0x14800000, 0x24800000)
   the space 87424K,  32% used [0x0f2a0000, 0x10e4bb20, 0x10e4bc00, 0x14800000)
 Metaspace       used 18729K, capacity 19191K, committed 19200K, reserved 19840K
}

